#
# There is insufficient memory for the Java Runtime Environment to continue.
# Native memory allocation (mmap) failed to map 268435456 bytes for G1 virtual space
# Possible reasons:
#   The system is out of physical RAM or swap space
#   The process is running with CompressedOops enabled, and the Java Heap may be blocking the growth of the native heap
# Possible solutions:
#   Reduce memory load on the system
#   Increase physical memory or swap space
#   Check if swap backing store is full
#   Decrease Java heap size (-Xmx/-Xms)
#   Decrease number of Java threads
#   Decrease Java thread stack sizes (-Xss)
#   Set larger code cache with -XX:ReservedCodeCacheSize=
#   JVM is running with Zero Based Compressed Oops mode in which the Java heap is
#     placed in the first 32GB address space. The Java Heap base address is the
#     maximum limit for the native heap growth. Please use -XX:HeapBaseMinAddress
#     to set the Java Heap base and to place the Java Heap above 32GB virtual address.
# This output file may be truncated or incomplete.
#
#  Out of Memory Error (os_windows.cpp:3528), pid=15596, tid=6736
#
# JRE version:  (20.0.2+9) (build )
# Java VM: OpenJDK 64-Bit Server VM (20.0.2+9, mixed mode, sharing, tiered, compressed oops, compressed class ptrs, g1 gc, windows-amd64)
# No core dump will be written. Minidumps are not enabled by default on client versions of Windows
#

---------------  S U M M A R Y ------------

Command Line: -Dfile.encoding=UTF-8 --module-path=C:\Users\Admin\Desktop\java fsd\New folder\tax_calculation_application\bin -XX:+ShowCodeDetailsInExceptionMessages -Djdk.module.main=tax_calculation_application tax_calculation_application/tax_calculation_application.TaxCalculatorAp

Host: Intel(R) Core(TM) i5-5300U CPU @ 2.30GHz, 4 cores, 15G,  Windows 10 , 64 bit Build 19041 (10.0.19041.3393)
Time: Tue Sep 26 11:28:13 2023 India Standard Time elapsed time: 0.014689 seconds (0d 0h 0m 0s)

---------------  T H R E A D  ---------------

Current thread (0x0000020af382bf90):  JavaThread "Unknown thread" [_thread_in_vm, id=6736, stack(0x0000007e6ee00000,0x0000007e6ef00000)]

Stack: [0x0000007e6ee00000,0x0000007e6ef00000]
Native frames: (J=compiled Java code, j=interpreted, Vv=VM code, C=native code)
V  [jvm.dll+0x6c4a1a]
V  [jvm.dll+0x8a341c]
V  [jvm.dll+0x8a5025]
V  [jvm.dll+0x8a5723]
V  [jvm.dll+0x284aff]
V  [jvm.dll+0x6c1799]
V  [jvm.dll+0x6b627a]
V  [jvm.dll+0x360e2d]
V  [jvm.dll+0x368fa6]
V  [jvm.dll+0x3b9f0e]
V  [jvm.dll+0x3ba185]
V  [jvm.dll+0x33142a]
V  [jvm.dll+0x33223b]
V  [jvm.dll+0x86bd0f]
V  [jvm.dll+0x3c7191]
V  [jvm.dll+0x857a96]
V  [jvm.dll+0x452b9f]
V  [jvm.dll+0x454681]
C  [jli.dll+0x528f]
C  [ucrtbase.dll+0x21bb2]
C  [KERNEL32.DLL+0x17344]
C  [ntdll.dll+0x526b1]


---------------  P R O C E S S  ---------------

Threads class SMR info:
_java_thread_list=0x00007ffd3769a5d8, length=0, elements={
}

Java Threads: ( => current thread )

Other Threads:
  0x0000020af5a7d5d0 WorkerThread "GC Thread#0" [stack: 0x0000007e6ef00000,0x0000007e6f000000] [id=17984]
  0x0000020af5a8eb70 ConcurrentGCThread "G1 Main Marker" [stack: 0x0000007e6f000000,0x0000007e6f100000] [id=14584]
  0x0000020af5a8f4b0 WorkerThread "G1 Conc#0" [stack: 0x0000007e6f100000,0x0000007e6f200000] [id=17768]

[error occurred during error reporting (printing all threads), id 0xc0000005, EXCEPTION_ACCESS_VIOLATION (0xc0000005) at pc=0x00007ffd36e14a07]
VM state: not at safepoint (not fully initialized)

VM Mutex/Monitor currently owned by a thread:  ([mutex/lock_event])
[0x0000020af382a450] Heap_lock - owner thread: 0x0000020af382bf90

Heap address: 0x0000000701c00000, size: 4068 MB, Compressed Oops mode: Zero based, Oop shift amount: 3

CDS archive(s) mapped at: [0x0000000000000000-0x0000000000000000-0x0000000000000000), size 0, SharedBaseAddress: 0x0000000800000000, ArchiveRelocationMode: 1.
Narrow klass base: 0x0000000000000000, Narrow klass shift: 0, Narrow klass range: 0x0

GC Precious Log:
 CardTable entry size: 512
 Card Set container configuration: InlinePtr #cards 4 size 8 Array Of Cards #cards 16 size 48 Howl #buckets 8 coarsen threshold 3686 Howl Bitmap #cards 512 size 80 coarsen threshold 460 Card regions per heap region 1 cards per card region 4096

Heap:
 garbage-first heap   total 0K, used 0K [0x0000000701c00000, 0x0000000800000000)
  region size 2048K, 0 young (0K), 0 survivors (0K)

[error occurred during error reporting (printing heap information), id 0xc0000005, EXCEPTION_ACCESS_VIOLATION (0xc0000005) at pc=0x00007ffd371ede19]
GC Heap History (0 events):
No events

Dll operation events (1 events):
Event: 0.010 Loaded shared library C:\Users\Admin\.p2\pool\plugins\org.eclipse.justj.openjdk.hotspot.jre.full.win32.x86_64_20.0.2.v20230801-2057\jre\bin\java.dll

Deoptimization events (0 events):
No events

Classes loaded (0 events):
No events

Classes unloaded (0 events):
No events

Classes redefined (0 events):
No events

Internal exceptions (0 events):
No events

VM Operations (0 events):
No events

Events (0 events):
No events


Dynamic libraries:
0x00007ff786db0000 - 0x00007ff786dbe000 	C:\Users\Admin\.p2\pool\plugins\org.eclipse.justj.openjdk.hotspot.jre.full.win32.x86_64_20.0.2.v20230801-2057\jre\bin\javaw.exe
0x00007ffd82b50000 - 0x00007ffd82d48000 	C:\Windows\SYSTEM32\ntdll.dll
0x00007ffd80bc0000 - 0x00007ffd80c7d000 	C:\Windows\System32\KERNEL32.DLL
0x00007ffd80350000 - 0x00007ffd80646000 	C:\Windows\System32\KERNELBASE.dll
0x00007ffd80a80000 - 0x00007ffd80b80000 	C:\Windows\System32\ucrtbase.dll
0x00007ffd74f80000 - 0x00007ffd74f97000 	C:\Users\Admin\.p2\pool\plugins\org.eclipse.justj.openjdk.hotspot.jre.full.win32.x86_64_20.0.2.v20230801-2057\jre\bin\jli.dll
0x00007ffd80c80000 - 0x00007ffd80e1e000 	C:\Windows\System32\USER32.dll
0x00007ffd747c0000 - 0x00007ffd747db000 	C:\Users\Admin\.p2\pool\plugins\org.eclipse.justj.openjdk.hotspot.jre.full.win32.x86_64_20.0.2.v20230801-2057\jre\bin\VCRUNTIME140.dll
0x00007ffd807b0000 - 0x00007ffd807d2000 	C:\Windows\System32\win32u.dll
0x00007ffd81a80000 - 0x00007ffd81aac000 	C:\Windows\System32\GDI32.dll
0x00007ffd807e0000 - 0x00007ffd808fa000 	C:\Windows\System32\gdi32full.dll
0x00007ffd80950000 - 0x00007ffd809ed000 	C:\Windows\System32\msvcp_win.dll
0x00007ffd685e0000 - 0x00007ffd6887a000 	C:\Windows\WinSxS\amd64_microsoft.windows.common-controls_6595b64144ccf1df_6.0.19041.1110_none_60b5254171f9507e\COMCTL32.dll
0x00007ffd823a0000 - 0x00007ffd8243e000 	C:\Windows\System32\msvcrt.dll
0x00007ffd820a0000 - 0x00007ffd820d0000 	C:\Windows\System32\IMM32.DLL
0x00007ffd75470000 - 0x00007ffd7547c000 	C:\Users\Admin\.p2\pool\plugins\org.eclipse.justj.openjdk.hotspot.jre.full.win32.x86_64_20.0.2.v20230801-2057\jre\bin\vcruntime140_1.dll
0x00007ffd73d30000 - 0x00007ffd73dbd000 	C:\Users\Admin\.p2\pool\plugins\org.eclipse.justj.openjdk.hotspot.jre.full.win32.x86_64_20.0.2.v20230801-2057\jre\bin\msvcp140.dll
0x00007ffd36ad0000 - 0x00007ffd377df000 	C:\Users\Admin\.p2\pool\plugins\org.eclipse.justj.openjdk.hotspot.jre.full.win32.x86_64_20.0.2.v20230801-2057\jre\bin\server\jvm.dll
0x00007ffd81c10000 - 0x00007ffd81cbe000 	C:\Windows\System32\ADVAPI32.dll
0x00007ffd81b70000 - 0x00007ffd81c0c000 	C:\Windows\System32\sechost.dll
0x00007ffd829e0000 - 0x00007ffd82b06000 	C:\Windows\System32\RPCRT4.dll
0x00007ffd74100000 - 0x00007ffd74109000 	C:\Windows\SYSTEM32\WSOCK32.dll
0x00007ffd6e260000 - 0x00007ffd6e26a000 	C:\Windows\SYSTEM32\VERSION.dll
0x00007ffd76250000 - 0x00007ffd76277000 	C:\Windows\SYSTEM32\WINMM.dll
0x00007ffd820d0000 - 0x00007ffd8213b000 	C:\Windows\System32\WS2_32.dll
0x00007ffd7e0c0000 - 0x00007ffd7e0d2000 	C:\Windows\SYSTEM32\kernel.appcore.dll
0x00007ffd7c010000 - 0x00007ffd7c01a000 	C:\Users\Admin\.p2\pool\plugins\org.eclipse.justj.openjdk.hotspot.jre.full.win32.x86_64_20.0.2.v20230801-2057\jre\bin\jimage.dll
0x00007ffd6f710000 - 0x00007ffd6f8f4000 	C:\Windows\SYSTEM32\DBGHELP.DLL
0x00007ffd6dfe0000 - 0x00007ffd6e014000 	C:\Windows\SYSTEM32\dbgcore.DLL
0x00007ffd809f0000 - 0x00007ffd80a72000 	C:\Windows\System32\bcryptPrimitives.dll
0x00007ffd744c0000 - 0x00007ffd744e6000 	C:\Users\Admin\.p2\pool\plugins\org.eclipse.justj.openjdk.hotspot.jre.full.win32.x86_64_20.0.2.v20230801-2057\jre\bin\java.dll

dbghelp: loaded successfully - version: 4.0.5 - missing functions: none
symbol engine: initialized successfully - sym options: 0x614 - pdb path: .;C:\Users\Admin\.p2\pool\plugins\org.eclipse.justj.openjdk.hotspot.jre.full.win32.x86_64_20.0.2.v20230801-2057\jre\bin;C:\Windows\SYSTEM32;C:\Windows\WinSxS\amd64_microsoft.windows.common-controls_6595b64144ccf1df_6.0.19041.1110_none_60b5254171f9507e;C:\Users\Admin\.p2\pool\plugins\org.eclipse.justj.openjdk.hotspot.jre.full.win32.x86_64_20.0.2.v20230801-2057\jre\bin\server

VM Arguments:
jvm_args: -Dfile.encoding=UTF-8 --module-path=C:\Users\Admin\Desktop\java fsd\New folder\tax_calculation_application\bin -XX:+ShowCodeDetailsInExceptionMessages -Djdk.module.main=tax_calculation_application 
java_command: tax_calculation_application/tax_calculation_application.TaxCalculatorAp
java_class_path (initial): <not set>
Launcher Type: SUN_STANDARD

[Global flags]
     intx CICompilerCount                          = 3                                         {product} {ergonomic}
     uint ConcGCThreads                            = 1                                         {product} {ergonomic}
     uint G1ConcRefinementThreads                  = 4                                         {product} {ergonomic}
   size_t G1HeapRegionSize                         = 2097152                                   {product} {ergonomic}
    uintx GCDrainStackTargetSize                   = 64                                        {product} {ergonomic}
   size_t InitialHeapSize                          = 268435456                                 {product} {ergonomic}
   size_t MarkStackSize                            = 4194304                                   {product} {ergonomic}
   size_t MaxHeapSize                              = 4265607168                                {product} {ergonomic}
   size_t MinHeapDeltaBytes                        = 2097152                                   {product} {ergonomic}
   size_t MinHeapSize                              = 8388608                                   {product} {ergonomic}
    uintx NonNMethodCodeHeapSize                   = 5832780                                {pd product} {ergonomic}
    uintx NonProfiledCodeHeapSize                  = 122912730                              {pd product} {ergonomic}
    uintx ProfiledCodeHeapSize                     = 122912730                              {pd product} {ergonomic}
    uintx ReservedCodeCacheSize                    = 251658240                              {pd product} {ergonomic}
     bool SegmentedCodeCache                       = true                                      {product} {ergonomic}
     bool ShowCodeDetailsInExceptionMessages       = true                                   {manageable} {command line}
   size_t SoftMaxHeapSize                          = 4265607168                             {manageable} {ergonomic}
     bool UseCompressedClassPointers               = true                           {product lp64_product} {ergonomic}
     bool UseCompressedOops                        = true                           {product lp64_product} {ergonomic}
     bool UseG1GC                                  = true                                      {product} {ergonomic}
     bool UseLargePagesIndividualAllocation        = false                                  {pd product} {ergonomic}

Logging:
Log output configuration:
 #0: stdout all=warning uptime,level,tags foldmultilines=false
 #1: stderr all=off uptime,level,tags foldmultilines=false

Environment Variables:
PATH=C:/Users/Admin/.p2/pool/plugins/org.eclipse.justj.openjdk.hotspot.jre.full.win32.x86_64_20.0.2.v20230801-2057/jre/bin/server;C:/Users/Admin/.p2/pool/plugins/org.eclipse.justj.openjdk.hotspot.jre.full.win32.x86_64_20.0.2.v20230801-2057/jre/bin;C:\Program Files\Common Files\Oracle\Java\javapath;C:\Windows\system32;C:\Windows;C:\Windows\System32\Wbem;C:\Windows\System32\WindowsPowerShell\v1.0\;C:\Windows\System32\OpenSSH\;C:\Program Files\Microsoft SQL Server\130\Tools\Binn\;C:\Program Files\Microsoft SQL Server\Client SDK\ODBC\170\Tools\Binn\;C:\Program Files\dotnet\;C:\Program Files\Git\cmd;C:\Program Files\MySQL\MySQL Shell 8.0\bin\;C:\Users\Admin\AppData\Local\Programs\Python\Python311\Scripts\;C:\Users\Admin\AppData\Local\Programs\Python\Python311\;C:\Users\Admin\AppData\Local\Programs\Python\Python39;C:\Users\Admin\AppData\Local\Microsoft\WindowsApps;C:\Program Files\JetBrains\PyCharm 2021.1.1\bin;;C:\Program Files\Java\jdk1.8.0_05\bin;C:\Users\Admin\AppData\Local\Programs\Microsoft VS Code\bin;C:\Users\Admin\AppData\Roaming\Microsoft\Windows\Start Menu\Programs\Python 3.11;;C:\Users\Admin\Desktop;
USERNAME=Admin
OS=Windows_NT
PROCESSOR_IDENTIFIER=Intel64 Family 6 Model 61 Stepping 4, GenuineIntel
TMP=C:\Users\Admin\AppData\Local\Temp
TEMP=C:\Users\Admin\AppData\Local\Temp




---------------  S Y S T E M  ---------------

OS:
 Windows 10 , 64 bit Build 19041 (10.0.19041.3393)
OS uptime: 3 days 12:50 hours

CPU: total 4 (initial active 4) (2 cores per cpu, 2 threads per core) family 6 model 61 stepping 4 microcode 0x2d, cx8, cmov, fxsr, ht, mmx, 3dnowpref, sse, sse2, sse3, ssse3, sse4.1, sse4.2, popcnt, lzcnt, tsc, tscinvbit, avx, avx2, aes, erms, clmul, bmi1, bmi2, rtm, adx, fma, vzeroupper, clflush, rdtscp, f16c

Memory: 4k page, system-wide physical 16267M (7377M free)
TotalPageFile size 16286M (AvailPageFile size 109M)
current process WorkingSet (physical memory assigned to process): 10M, peak: 10M
current process commit charge ("private bytes"): 51M, peak: 307M

vm_info: OpenJDK 64-Bit Server VM (20.0.2+9) for windows-amd64 JRE (20.0.2+9), built on 2023-07-18T00:00:00Z by "admin" with MS VC++ 16.10 / 16.11 (VS2019)

END.
